<?xml version="1.0" encoding="utf-8"?>
<test-run id="2" testcasecount="8" result="Passed" total="8" passed="8" failed="0" inconclusive="0" skipped="0" asserts="0" engine-version="3.5.0.0" clr-version="4.0.30319.42000" start-time="2026-09-10 00:51:38Z" end-time="2026-09-10 00:51:48Z" duration="10,0070176">
  <test-suite type="TestSuite" id="1016" name="LoboBranco" fullname="LoboBranco" runstate="Runnable" testcasecount="8" result="Passed" start-time="2026-09-10 00:51:38Z" end-time="2026-09-10 00:51:48Z" duration="10.007018" total="8" passed="8" failed="0" inconclusive="0" skipped="0" asserts="0">
    <properties>
      <property name="platform" value="PlayMode" />
    </properties>
    <test-suite type="Assembly" id="1026" name="TW1R.Tests.PlayMode.dll" fullname="E:/Unity_Games/TW1-Remaster/unity/LoboBranco/Library/ScriptAssemblies/TW1R.Tests.PlayMode.dll" runstate="Runnable" testcasecount="8" result="Passed" start-time="2026-09-10 00:51:38Z" end-time="2026-09-10 00:51:48Z" duration="9.983535" total="8" passed="8" failed="0" inconclusive="0" skipped="0" asserts="0">
      <properties>
        <property name="_PID" value="21104" />
        <property name="_APPDOMAIN" value="Unity Child Domain" />
        <property name="platform" value="PlayMode" />
        <property name="EditorOnly" value="False" />
      </properties>
      <test-suite type="TestSuite" id="1027" name="LoboBranco" fullname="LoboBranco" runstate="Runnable" testcasecount="8" result="Passed" start-time="2026-09-10 00:51:38Z" end-time="2026-09-10 00:51:48Z" duration="9.982593" total="8" passed="8" failed="0" inconclusive="0" skipped="0" asserts="0">
        <properties />
        <test-suite type="TestSuite" id="1028" name="Tests" fullname="LoboBranco.Tests" runstate="Runnable" testcasecount="8" result="Passed" start-time="2026-09-10 00:51:38Z" end-time="2026-09-10 00:51:48Z" duration="9.982201" total="8" passed="8" failed="0" inconclusive="0" skipped="0" asserts="0">
          <properties />
          <test-suite type="TestFixture" id="1017" name="PlayerLocomotionTests" fullname="LoboBranco.Tests.PlayerLocomotionTests" classname="LoboBranco.Tests.PlayerLocomotionTests" runstate="Runnable" testcasecount="8" result="Passed" start-time="2026-09-10 00:51:38Z" end-time="2026-09-10 00:51:48Z" duration="9.978324" total="8" passed="8" failed="0" inconclusive="0" skipped="0" asserts="0">
            <properties />
            <test-case id="1021" name="Input_lateral_move_perpendicular_ao_yaw_de_referencia" fullname="LoboBranco.Tests.PlayerLocomotionTests.Input_lateral_move_perpendicular_ao_yaw_de_referencia" methodname="Input_lateral_move_perpendicular_ao_yaw_de_referencia" classname="LoboBranco.Tests.PlayerLocomotionTests" runstate="Runnable" seed="1431089880" result="Passed" start-time="2026-09-10 00:51:38Z" end-time="2026-09-10 00:51:40Z" duration="1.066549" asserts="0">
              <properties>
                <property name="_JOINTYPE" value="UnityCombinatorial" />
                <property name="retryIteration" value="0" />
                <property name="repeatIteration" value="0" />
              </properties>
            </test-case>
            <test-case id="1019" name="Input_para_frente_move_na_direcao_do_yaw_de_referencia" fullname="LoboBranco.Tests.PlayerLocomotionTests.Input_para_frente_move_na_direcao_do_yaw_de_referencia" methodname="Input_para_frente_move_na_direcao_do_yaw_de_referencia" classname="LoboBranco.Tests.PlayerLocomotionTests" runstate="Runnable" seed="1743745839" result="Passed" start-time="2026-09-10 00:51:40Z" end-time="2026-09-10 00:51:41Z" duration="1.006546" asserts="0">
              <properties>
                <property name="_JOINTYPE" value="UnityCombinatorial" />
                <property name="retryIteration" value="0" />
                <property name="repeatIteration" value="0" />
              </properties>
            </test-case>
            <test-case id="1022" name="O_personagem_encara_a_direcao_em_que_anda" fullname="LoboBranco.Tests.PlayerLocomotionTests.O_personagem_encara_a_direcao_em_que_anda" methodname="O_personagem_encara_a_direcao_em_que_anda" classname="LoboBranco.Tests.PlayerLocomotionTests" runstate="Runnable" seed="1383975795" result="Passed" start-time="2026-09-10 00:51:41Z" end-time="2026-09-10 00:51:42Z" duration="1.003292" asserts="0">
              <properties>
                <property name="_JOINTYPE" value="UnityCombinatorial" />
                <property name="retryIteration" value="0" />
                <property name="repeatIteration" value="0" />
              </properties>
            </test-case>
            <test-case id="1018" name="Parado_sem_input_nao_se_move_no_plano" fullname="LoboBranco.Tests.PlayerLocomotionTests.Parado_sem_input_nao_se_move_no_plano" methodname="Parado_sem_input_nao_se_move_no_plano" classname="LoboBranco.Tests.PlayerLocomotionTests" runstate="Runnable" seed="535740350" result="Passed" start-time="2026-09-10 00:51:42Z" end-time="2026-09-10 00:51:42Z" duration="0.502101" asserts="0">
              <properties>
                <property name="_JOINTYPE" value="UnityCombinatorial" />
                <property name="retryIteration" value="0" />
                <property name="repeatIteration" value="0" />
              </properties>
            </test-case>
            <test-case id="1023" name="Sprint_percorre_mais_distancia_que_caminhada" fullname="LoboBranco.Tests.PlayerLocomotionTests.Sprint_percorre_mais_distancia_que_caminhada" methodname="Sprint_percorre_mais_distancia_que_caminhada" classname="LoboBranco.Tests.PlayerLocomotionTests" runstate="Runnable" seed="1462989460" result="Passed" start-time="2026-09-10 00:51:42Z" end-time="2026-09-10 00:51:45Z" duration="3.005886" asserts="0">
              <properties>
                <property name="_JOINTYPE" value="UnityCombinatorial" />
                <property name="retryIteration" value="0" />
                <property name="repeatIteration" value="0" />
              </properties>
            </test-case>
            <test-case id="1025" name="Teleport_reposiciona_e_zera_a_inercia" fullname="LoboBranco.Tests.PlayerLocomotionTests.Teleport_reposiciona_e_zera_a_inercia" methodname="Teleport_reposiciona_e_zera_a_inercia" classname="LoboBranco.Tests.PlayerLocomotionTests" runstate="Runnable" seed="1092752763" result="Passed" start-time="2026-09-10 00:51:45Z" end-time="2026-09-10 00:51:46Z" duration="0.837553" asserts="0">
              <properties>
                <property name="_JOINTYPE" value="UnityCombinatorial" />
                <property name="retryIteration" value="0" />
                <property name="repeatIteration" value="0" />
              </properties>
            </test-case>
            <test-case id="1024" name="Velocidade_de_caminhada_estabiliza_perto_de_dois_metros_por_segundo" fullname="LoboBranco.Tests.PlayerLocomotionTests.Velocidade_de_caminhada_estabiliza_perto_de_dois_metros_por_segundo" methodname="Velocidade_de_caminhada_estabiliza_perto_de_dois_metros_por_segundo" classname="LoboBranco.Tests.PlayerLocomotionTests" runstate="Runnable" seed="1549554301" result="Passed" start-time="2026-09-10 00:51:46Z" end-time="2026-09-10 00:51:47Z" duration="1.504252" asserts="0">
              <properties>
                <property name="_JOINTYPE" value="UnityCombinatorial" />
                <property name="retryIteration" value="0" />
                <property name="repeatIteration" value="0" />
              </properties>
            </test-case>
            <test-case id="1020" name="Yaw_de_referencia_de_90_graus_move_em_X_positivo" fullname="LoboBranco.Tests.PlayerLocomotionTests.Yaw_de_referencia_de_90_graus_move_em_X_positivo" methodname="Yaw_de_referencia_de_90_graus_move_em_X_positivo" classname="LoboBranco.Tests.PlayerLocomotionTests" runstate="Runnable" seed="1375103000" result="Passed" start-time="2026-09-10 00:51:47Z" end-time="2026-09-10 00:51:48Z" duration="1.003571" asserts="0">
              <properties>
                <property name="_JOINTYPE" value="UnityCombinatorial" />
                <property name="retryIteration" value="0" />
                <property name="repeatIteration" value="0" />
              </properties>
              <output><![CDATA[Saving results to: C:/Users/Otávio/AppData/LocalLow/Otavio/LoboBranco\TestResults.xml
]]></output>
            </test-case>
          </test-suite>
        </test-suite>
      </test-suite>
    </test-suite>
  </test-suite>
</test-run>